<?xml version="1.0" encoding="UTF-8"?>
<!-- Generated by org.testng.reporters.JUnitReportReporter -->
<testsuite skipped="0" hostname="NXQLX063" name="guru99training.junit.Guru99Test" tests="1" failures="0" timestamp="07 sept. 2018 09:37:35 GMT" time="1.324" errors="0">
  <testcase name="loginTest" time="1.324" classname="guru99training.junit.Guru99Test"/>
</testsuite> <!-- guru99training.junit.Guru99Test -->
